
Showing logs for build [32mcb-kubecd-bdd-gh-1582728173-pr-6vwlr-1[0m stage [32mfrom-build-pack[0m and container [32mstep-credential-initializer-l2nb7[0m
{"level":"warn","ts":1582729404.9383914,"logger":"fallback-logger","caller":"logging/config.go:69","msg":"Fetch GitHub commit ID from kodata failed: \"ref: refs/heads/0.8.0-**-support-backwards-incompats\" is not a valid GitHub commit ID"}
{"level":"info","ts":1582729404.9394774,"logger":"fallback-logger","caller":"creds-init/main.go:40","msg":"Credentials initialized."}

Showing logs for build [32mcb-kubecd-bdd-gh-1582728173-pr-6vwlr-1[0m stage [32mfrom-build-pack[0m and container [32mstep-working-dir-initializer-2fkc4[0m
{"level":"warn","ts":1582729405.6876984,"logger":"fallback-logger","caller":"logging/config.go:69","msg":"Fetch GitHub commit ID from kodata failed: open /var/run/ko/HEAD: no such file or directory"}
{"level":"info","ts":1582729405.6897695,"logger":"fallback-logger","caller":"bash/main.go:64","msg":"Successfully executed command \"sh -c mkdir -p /workspace/source\"; output "}

Showing logs for build [32mcb-kubecd-bdd-gh-1582728173-pr-6vwlr-1[0m stage [32mfrom-build-pack[0m and container [32mstep-place-tools[0m

Showing logs for build [32mcb-kubecd-bdd-gh-1582728173-pr-6vwlr-1[0m stage [32mfrom-build-pack[0m and container [32mstep-git-source-cb-kubecd-bdd-gh-1582728173-pr-6vwlr-88czs[0m
{"level":"warn","ts":1582729413.0811605,"logger":"fallback-logger","caller":"logging/config.go:69","msg":"Fetch GitHub commit ID from kodata failed: \"ref: refs/heads/0.8.0-**-support-backwards-incompats\" is not a valid GitHub commit ID"}
{"level":"info","ts":1582729414.242471,"logger":"fallback-logger","caller":"git/git.go:103","msg":"Successfully cloned https://github.com/cb-kubecd/bdd-gh-1582728173.git @ master in path /workspace/source"}

Showing logs for build [32mcb-kubecd-bdd-gh-1582728173-pr-6vwlr-1[0m stage [32mfrom-build-pack[0m and container [32mstep-git-merge[0m
Using SHAs from PULL_REFS=master:8027e95b95651c24e9d85c0eadb7ed03dc67cca8,1:a7583b22b7f0788bcfea4e769e59b7c105e90e9d
DEBUG: LC_ALL=C JX_LOG_LEVEL=error git fetch origin --unshallow a7583b22b7f0788bcfea4e769e59b7c105e90e9d: 8027e95b95651c24e9d85c0eadb7ed03dc67cca8:
DEBUG: ran git fetch --unshallow origin a7583b22b7f0788bcfea4e769e59b7c105e90e9d: 8027e95b95651c24e9d85c0eadb7ed03dc67cca8: in 
DEBUG: LC_ALL=C JX_LOG_LEVEL=error git branch
DEBUG: JX_LOG_LEVEL=error LC_ALL=C git checkout master
DEBUG: ran git checkout master in 
DEBUG: LC_ALL=C JX_LOG_LEVEL=error git reset --hard 8027e95b95651c24e9d85c0eadb7ed03dc67cca8
DEBUG: ran git reset --hard 8027e95b95651c24e9d85c0eadb7ed03dc67cca8 in 
DEBUG: LC_ALL=C JX_LOG_LEVEL=error git clean -fd .
DEBUG: ran clean --force -d . in 
DEBUG: LC_ALL=C JX_LOG_LEVEL=error git merge a7583b22b7f0788bcfea4e769e59b7c105e90e9d
DEBUG: ran git merge a7583b22b7f0788bcfea4e769e59b7c105e90e9d in 
DEBUG: JX_LOG_LEVEL=error LC_ALL=C git log --format=%H%x1f%an%x1f%ae%x1f%cn%x1f%ce%x1f%s%n%b%x1e 8027e95b95651c24e9d85c0eadb7ed03dc67cca8..HEAD
Merged SHA a7583b22b7f0788bcfea4e769e59b7c105e90e9d with commit message 'My first PR commit' into base branch master

Showing logs for build [32mcb-kubecd-bdd-gh-1582728173-pr-6vwlr-1[0m stage [32mfrom-build-pack[0m and container [32mstep-build-make-linux[0m
CGO_ENABLED=0 GOOS=linux GOARCH=amd64 GO15VENDOREXPERIMENT=1 go build -ldflags '' -o bin/bdd-gh-1582728173 main.go

Showing logs for build [32mcb-kubecd-bdd-gh-1582728173-pr-6vwlr-1[0m stage [32mfrom-build-pack[0m and container [32mstep-build-container-build[0m
[36mINFO[0m[0000] No base image, nothing to extract            
[36mINFO[0m[0000] cmd: EXPOSE                                  
[36mINFO[0m[0000] Adding exposed port: 8080/tcp                
[36mINFO[0m[0000] Using files from context: [/workspace/source/bin] 
[36mINFO[0m[0000] Skipping unpacking as no commands require it. 
[36mINFO[0m[0000] Taking snapshot of full filesystem...        
[36mINFO[0m[0000] EXPOSE 8080                                  
[36mINFO[0m[0000] cmd: EXPOSE                                  
[36mINFO[0m[0000] Adding exposed port: 8080/tcp                
[36mINFO[0m[0000] No files changed in this command, skipping snapshotting. 
[36mINFO[0m[0000] ENTRYPOINT ["/bdd-gh-1582728173"]            
[36mINFO[0m[0000] No files changed in this command, skipping snapshotting. 
[36mINFO[0m[0000] Using files from context: [/workspace/source/bin] 
[36mINFO[0m[0000] COPY ./bin/ /                                
[36mINFO[0m[0000] Taking snapshot of files...                  
2020/02/26 15:03:52 pushed blob: sha256:03a529078efb2df09a3482aaa9fbcf06a80582f3c869bac5a293e54251c5f27c
2020/02/26 15:03:53 pushed blob: sha256:1ebdfe59781ee9525279ff70d3cc6797a181322c6ebe8e7b57d3b06c7bdf91b3
2020/02/26 15:03:54 gcr.io/jenkins-x-bdd3/bdd-gh-1582728173:0.0.0-SNAPSHOT-PR-1-1: digest: sha256:3a9bc054d2b1a32b8d9970f1318eba255eea48cb8965fad2d97a836d7993321a size: 428

Showing logs for build [32mcb-kubecd-bdd-gh-1582728173-pr-6vwlr-1[0m stage [32mfrom-build-pack[0m and container [32mstep-postbuild-post-build[0m
no CVE provider running in the current ** namespace so skip adding image to be analysed

Showing logs for build [32mcb-kubecd-bdd-gh-1582728173-pr-6vwlr-1[0m stage [32mfrom-build-pack[0m and container [32mstep-promote-make-preview[0m
sed -i -e "s/version:.*/version: 0.0.0-SNAPSHOT-PR-1-1/" Chart.yaml
sed -i -e "s/version:.*/version: 0.0.0-SNAPSHOT-PR-1-1/" ../*/Chart.yaml
sed -i -e "s|repository:.*|repository: gcr.io\/jenkins-x-bdd3\/bdd-gh-1582728173|" values.yaml
sed -i -e "s/tag:.*/tag: 0.0.0-SNAPSHOT-PR-1-1/" values.yaml
echo "  version: 0.0.0-SNAPSHOT-PR-1-1" >> requirements.yaml
** step helm build
WARNING: No $CHART_REPOSITORY defined so using the default value of: http://jenkins-x-chartmuseum:8080
Adding missing Helm repo: storage.googleapis.com https://storage.googleapis.com/chartmuseum.jenkins-x.io
WARNING: No secrets found on "helm/repos" due: reading the secret "helm/repos" from vault: no secret "helm/repos" not found in vault
Read credentials for https://storage.googleapis.com/chartmuseum.jenkins-x.io from vault helm/repos
Successfully added Helm repository storage.googleapis.com.
Adding missing Helm repo: jenkins-x-chartmuseum http://jenkins-x-chartmuseum:8080
WARNING: No secrets found on "helm/repos" due: reading the secret "helm/repos" from vault: no secret "helm/repos" not found in vault
Read credentials for http://jenkins-x-chartmuseum:8080 from vault helm/repos
Successfully added Helm repository jenkins-x-chartmuseum.
WARNING: No $CHART_REPOSITORY defined so using the default value of: http://jenkins-x-chartmuseum:8080
Adding missing Helm repo: chartmuseum.jenkins-x.io http://chartmuseum.jenkins-x.io
WARNING: No secrets found on "helm/repos" due: reading the secret "helm/repos" from vault: no secret "helm/repos" not found in vault
Read credentials for http://chartmuseum.jenkins-x.io from vault helm/repos
Successfully added Helm repository chartmuseum.jenkins-x.io.

Showing logs for build [32mcb-kubecd-bdd-gh-1582728173-pr-6vwlr-1[0m stage [32mfrom-build-pack[0m and container [32mstep-promote-jx-preview[0m
Creating a preview
Created environment cb-kubecd-bdd-gh-1582728173-pr-1
Namespace **-cb-kubecd-bdd-gh-1582728173-pr-1 created 
expose:
  Annotations:
    helm.sh/hook: post-install,post-upgrade
    helm.sh/hook-delete-policy: hook-succeeded
  config:
    domain: 35.189.227.111.nip.io
    exposer: Ingress
    http: "true"
preview:
  image:
    repository: gcr.io/jenkins-x-bdd3/bdd-gh-1582728173
    tag: 0.0.0-SNAPSHOT-PR-1-1

Updating PipelineActivities cb-kubecd-bdd-gh-1582728173-pr-1-1 which has status Running
Preview application is now available at: http://bdd-gh-1582728173.**-cb-kubecd-bdd-gh-1582728173-pr-1.35.189.227.111.nip.io
